  Account.cpp
c:\users\sarita\documents\3. semestre\estructura de datos\1proyecto\code\projectbank\projectbank\check.h(70): warning C4101: 'e': variable local sin referencia
c:\users\sarita\documents\3. semestre\estructura de datos\1proyecto\code\projectbank\projectbank\check.h(91): warning C4101: 'e': variable local sin referencia
c:\users\sarita\documents\3. semestre\estructura de datos\1proyecto\code\projectbank\projectbank\check.h(108): warning C4101: 'e': variable local sin referencia
c:\users\sarita\documents\3. semestre\estructura de datos\1proyecto\code\projectbank\projectbank\check.h(136): warning C4101: 'e': variable local sin referencia
c:\users\sarita\documents\3. semestre\estructura de datos\1proyecto\code\projectbank\projectbank\check.h(243): warning C4101: 'e': variable local sin referencia
c:\users\sarita\documents\3. semestre\estructura de datos\1proyecto\code\projectbank\projectbank\check.h(274): warning C4101: 'e': variable local sin referencia
  Person.cpp
c:\users\sarita\documents\3. semestre\estructura de datos\1proyecto\code\projectbank\projectbank\check.h(70): warning C4101: 'e': variable local sin referencia
c:\users\sarita\documents\3. semestre\estructura de datos\1proyecto\code\projectbank\projectbank\check.h(91): warning C4101: 'e': variable local sin referencia
c:\users\sarita\documents\3. semestre\estructura de datos\1proyecto\code\projectbank\projectbank\check.h(108): warning C4101: 'e': variable local sin referencia
c:\users\sarita\documents\3. semestre\estructura de datos\1proyecto\code\projectbank\projectbank\check.h(136): warning C4101: 'e': variable local sin referencia
c:\users\sarita\documents\3. semestre\estructura de datos\1proyecto\code\projectbank\projectbank\check.h(243): warning C4101: 'e': variable local sin referencia
c:\users\sarita\documents\3. semestre\estructura de datos\1proyecto\code\projectbank\projectbank\check.h(274): warning C4101: 'e': variable local sin referencia
  ProjectBank.cpp
  Generando código...
c:\users\sarita\documents\3. semestre\estructura de datos\1proyecto\code\projectbank\projectbank\check.h(208): warning C4715: 'Check::intToChar': no todas las rutas de acceso de control devuelven un valor
c:\users\sarita\documents\3. semestre\estructura de datos\1proyecto\code\projectbank\projectbank\check.h(185): warning C4715: 'Check::charToInt': no todas las rutas de acceso de control devuelven un valor
c:\users\sarita\documents\3. semestre\estructura de datos\1proyecto\code\projectbank\projectbank\check.h(278): warning C4715: 'Check::checkAccount': no todas las rutas de acceso de control devuelven un valor
c:\users\sarita\documents\3. semestre\estructura de datos\1proyecto\code\projectbank\projectbank\check.h(185): warning C4715: 'Check::charToInt': no todas las rutas de acceso de control devuelven un valor
c:\users\sarita\documents\3. semestre\estructura de datos\1proyecto\code\projectbank\projectbank\check.h(208): warning C4715: 'Check::intToChar': no todas las rutas de acceso de control devuelven un valor
c:\users\sarita\documents\3. semestre\estructura de datos\1proyecto\code\projectbank\projectbank\check.h(278): warning C4715: 'Check::checkAccount': no todas las rutas de acceso de control devuelven un valor
Person.obj : error LNK2005: ya se definió "public: __cdecl Check::Check(void)" (??0Check@@QEAA@XZ) en Account.obj
Person.obj : error LNK2005: ya se definió "public: class std::basic_string<char,struct std::char_traits<char>,class std::allocator<char> > __cdecl InputData<class std::basic_string<char,struct std::char_traits<char>,class std::allocator<char> > >::CI(class std::basic_string<char,struct std::char_traits<char>,class std::allocator<char> >)" (?CI@?$InputData@V?$basic_string@DU?$char_traits@D@std@@V?$allocator@D@2@@std@@@@QEAA?AV?$basic_string@DU?$char_traits@D@std@@V?$allocator@D@2@@std@@V23@@Z) en Account.obj
Person.obj : error LNK2005: ya se definió "private: int __cdecl Check::calculateTen(int)" (?calculateTen@Check@@AEAAHH@Z) en Account.obj
Person.obj : error LNK2005: ya se definió "private: int __cdecl Check::charToInt(char)" (?charToInt@Check@@AEAAHD@Z) en Account.obj
Person.obj : error LNK2005: ya se definió "public: bool __cdecl Check::checkAccount(class std::basic_string<char,struct std::char_traits<char>,class std::allocator<char> >,int)" (?checkAccount@Check@@QEAA_NV?$basic_string@DU?$char_traits@D@std@@V?$allocator@D@2@@std@@H@Z) en Account.obj
Person.obj : error LNK2005: ya se definió "public: bool __cdecl Check::floatDouble(class std::basic_string<char,struct std::char_traits<char>,class std::allocator<char> >)" (?floatDouble@Check@@QEAA_NV?$basic_string@DU?$char_traits@D@std@@V?$allocator@D@2@@std@@@Z) en Account.obj
Person.obj : error LNK2005: ya se definió "public: bool __cdecl Check::identificationCard(class std::basic_string<char,struct std::char_traits<char>,class std::allocator<char> >)" (?identificationCard@Check@@QEAA_NV?$basic_string@DU?$char_traits@D@std@@V?$allocator@D@2@@std@@@Z) en Account.obj
Person.obj : error LNK2005: ya se definió "private: char __cdecl Check::intToChar(int)" (?intToChar@Check@@AEAADH@Z) en Account.obj
Person.obj : error LNK2005: ya se definió "public: class std::basic_string<char,struct std::char_traits<char>,class std::allocator<char> > __cdecl InputData<int>::integer(class std::basic_string<char,struct std::char_traits<char>,class std::allocator<char> >)" (?integer@?$InputData@H@@QEAA?AV?$basic_string@DU?$char_traits@D@std@@V?$allocator@D@2@@std@@V23@@Z) en Account.obj
Person.obj : error LNK2005: ya se definió "public: bool __cdecl Check::integer(class std::basic_string<char,struct std::char_traits<char>,class std::allocator<char> >)" (?integer@Check@@QEAA_NV?$basic_string@DU?$char_traits@D@std@@V?$allocator@D@2@@std@@@Z) en Account.obj
Person.obj : error LNK2005: ya se definió "public: class std::basic_string<char,struct std::char_traits<char>,class std::allocator<char> > __cdecl InputData<int>::integerArray(int)" (?integerArray@?$InputData@H@@QEAA?AV?$basic_string@DU?$char_traits@D@std@@V?$allocator@D@2@@std@@H@Z) en Account.obj
Person.obj : error LNK2005: ya se definió "private: char __cdecl Check::lastDigit(class std::basic_string<char,struct std::char_traits<char>,class std::allocator<char> >)" (?lastDigit@Check@@AEAADV?$basic_string@DU?$char_traits@D@std@@V?$allocator@D@2@@std@@@Z) en Account.obj
Person.obj : error LNK2005: ya se definió "public: class std::basic_string<char,struct std::char_traits<char>,class std::allocator<char> > __cdecl InputData<int>::matrizInteger(int,int)" (?matrizInteger@?$InputData@H@@QEAA?AV?$basic_string@DU?$char_traits@D@std@@V?$allocator@D@2@@std@@HH@Z) en Account.obj
Person.obj : error LNK2005: ya se definió "public: class std::basic_string<char,struct std::char_traits<char>,class std::allocator<char> > __cdecl InputData<int>::positiveInteger(class std::basic_string<char,struct std::char_traits<char>,class std::allocator<char> >)" (?positiveInteger@?$InputData@H@@QEAA?AV?$basic_string@DU?$char_traits@D@std@@V?$allocator@D@2@@std@@V23@@Z) en Account.obj
Person.obj : error LNK2005: ya se definió "public: bool __cdecl Check::positiveInteger(class std::basic_string<char,struct std::char_traits<char>,class std::allocator<char> >)" (?positiveInteger@Check@@QEAA_NV?$basic_string@DU?$char_traits@D@std@@V?$allocator@D@2@@std@@@Z) en Account.obj
Person.obj : error LNK2005: ya se definió "public: class std::basic_string<char,struct std::char_traits<char>,class std::allocator<char> > __cdecl InputData<int>::readString(class std::basic_string<char,struct std::char_traits<char>,class std::allocator<char> >)" (?readString@?$InputData@H@@QEAA?AV?$basic_string@DU?$char_traits@D@std@@V?$allocator@D@2@@std@@V23@@Z) en Account.obj
Person.obj : error LNK2005: ya se definió "public: class std::basic_string<char,struct std::char_traits<char>,class std::allocator<char> > __cdecl InputData<class std::basic_string<char,struct std::char_traits<char>,class std::allocator<char> > >::readString(int)" (?readString@?$InputData@V?$basic_string@DU?$char_traits@D@std@@V?$allocator@D@2@@std@@@@QEAA?AV?$basic_string@DU?$char_traits@D@std@@V?$allocator@D@2@@std@@H@Z) en Account.obj
Person.obj : error LNK2005: ya se definió "public: class std::basic_string<char,struct std::char_traits<char>,class std::allocator<char> > __cdecl InputData<double>::realArray(int)" (?realArray@?$InputData@N@@QEAA?AV?$basic_string@DU?$char_traits@D@std@@V?$allocator@D@2@@std@@H@Z) en Account.obj
C:\Users\Sarita\Documents\3. SEMESTRE\Estructura de Datos\1Proyecto\Code\ProjectBank\x64\Debug\ProjectBank.exe : fatal error LNK1169: se encontraron uno o más símbolos definidos simultáneamente
